<?xml version="1.0" encoding="UTF-8"?>
<testsuite xmlns:xsi="http://www.w3.org/2001/XMLSchema-instance" xsi:noNamespaceSchemaLocation="https://maven.apache.org/surefire/maven-surefire-plugin/xsd/surefire-test-report-3.0.xsd" version="3.0" name="com.beamlytics.examples.IOTPipelineTest" time="8.645" tests="1" errors="0" skipped="0" failures="0">
  <properties>
    <property name="java.specification.version" value="21"/>
    <property name="sun.jnu.encoding" value="UTF-8"/>
    <property name="java.class.path" value="/Users/rtarway/mygithubprojects/IOTStreamingDataParser/target/test-classes:/Users/rtarway/mygithubprojects/IOTStreamingDataParser/target/classes:/Users/rtarway/.m2/repository/com/fasterxml/jackson/core/jackson-databind/2.16.1/jackson-databind-2.16.1.jar:/Users/rtarway/.m2/repository/com/fasterxml/jackson/core/jackson-annotations/2.16.1/jackson-annotations-2.16.1.jar:/Users/rtarway/.m2/repository/com/fasterxml/jackson/core/jackson-core/2.16.1/jackson-core-2.16.1.jar:/Users/rtarway/.m2/repository/com/google/protobuf/protobuf-java/3.25.3/protobuf-java-3.25.3.jar:/Users/rtarway/.m2/repository/org/apache/beam/beam-sdks-java-core/2.54.0/beam-sdks-java-core-2.54.0.jar:/Users/rtarway/.m2/repository/org/apache/beam/beam-model-pipeline/2.54.0/beam-model-pipeline-2.54.0.jar:/Users/rtarway/.m2/repository/com/google/auto/value/auto-value-annotations/1.10.4/auto-value-annotations-1.10.4.jar:/Users/rtarway/.m2/repository/org/apache/beam/beam-model-job-management/2.54.0/beam-model-job-management-2.54.0.jar:/Users/rtarway/.m2/repository/org/apache/beam/beam-vendor-grpc-1_60_1/0.1/beam-vendor-grpc-1_60_1-0.1.jar:/Users/rtarway/.m2/repository/org/apache/beam/beam-vendor-guava-32_1_2-jre/0.1/beam-vendor-guava-32_1_2-jre-0.1.jar:/Users/rtarway/.m2/repository/net/bytebuddy/byte-buddy/1.12.14/byte-buddy-1.12.14.jar:/Users/rtarway/.m2/repository/com/google/code/findbugs/jsr305/3.0.2/jsr305-3.0.2.jar:/Users/rtarway/.m2/repository/com/google/errorprone/error_prone_annotations/2.10.0/error_prone_annotations-2.10.0.jar:/Users/rtarway/.m2/repository/org/xerial/snappy/snappy-java/1.1.10.4/snappy-java-1.1.10.4.jar:/Users/rtarway/.m2/repository/org/apache/beam/beam-sdks-java-io-google-cloud-platform/2.54.0/beam-sdks-java-io-google-cloud-platform-2.54.0.jar:/Users/rtarway/.m2/repository/org/checkerframework/checker-qual/3.42.0/checker-qual-3.42.0.jar:/Users/rtarway/.m2/repository/org/apache/beam/beam-runners-core-java/2.54.0/beam-runners-core-java-2.54.0.jar:/Users/rtarway/.m2/repository/org/apache/beam/beam-sdks-java-fn-execution/2.54.0/beam-sdks-java-fn-execution-2.54.0.jar:/Users/rtarway/.m2/repository/org/apache/beam/beam-sdks-java-harness/2.54.0/beam-sdks-java-harness-2.54.0.jar:/Users/rtarway/.m2/repository/org/apache/beam/beam-sdks-java-expansion-service/2.54.0/beam-sdks-java-expansion-service-2.54.0.jar:/Users/rtarway/.m2/repository/org/apache/beam/beam-model-fn-execution/2.54.0/beam-model-fn-execution-2.54.0.jar:/Users/rtarway/.m2/repository/com/fasterxml/jackson/dataformat/jackson-dataformat-yaml/2.14.1/jackson-dataformat-yaml-2.14.1.jar:/Users/rtarway/.m2/repository/org/yaml/snakeyaml/1.33/snakeyaml-1.33.jar:/Users/rtarway/.m2/repository/org/apache/beam/beam-sdks-java-extensions-avro/2.54.0/beam-sdks-java-extensions-avro-2.54.0.jar:/Users/rtarway/.m2/repository/org/apache/beam/beam-sdks-java-extensions-google-cloud-platform-core/2.54.0/beam-sdks-java-extensions-google-cloud-platform-core-2.54.0.jar:/Users/rtarway/.m2/repository/com/google/cloud/bigdataoss/gcsio/2.2.16/gcsio-2.2.16.jar:/Users/rtarway/.m2/repository/com/google/cloud/google-cloud-storage/2.31.0/google-cloud-storage-2.31.0.jar:/Users/rtarway/.m2/repository/com/google/api/grpc/proto-google-cloud-storage-v2/2.31.0-alpha/proto-google-cloud-storage-v2-2.31.0-alpha.jar:/Users/rtarway/.m2/repository/com/google/api/grpc/gapic-google-cloud-storage-v2/2.31.0-alpha/gapic-google-cloud-storage-v2-2.31.0-alpha.jar:/Users/rtarway/.m2/repository/com/google/api/grpc/grpc-google-cloud-storage-v2/2.31.0-alpha/grpc-google-cloud-storage-v2-2.31.0-alpha.jar:/Users/rtarway/.m2/repository/io/opencensus/opencensus-impl/0.31.0/opencensus-impl-0.31.0.jar:/Users/rtarway/.m2/repository/io/opencensus/opencensus-impl-core/0.31.0/opencensus-impl-core-0.31.0.jar:/Users/rtarway/.m2/repository/io/opencensus/opencensus-exporter-stats-stackdriver/0.31.0/opencensus-exporter-stats-stackdriver-0.31.0.jar:/Users/rtarway/.m2/repository/io/opencensus/opencensus-contrib-exemplar-util/0.31.0/opencensus-contrib-exemplar-util-0.31.0.jar:/Users/rtarway/.m2/repository/io/opencensus/opencensus-contrib-resource-util/0.31.0/opencensus-contrib-resource-util-0.31.0.jar:/Users/rtarway/.m2/repository/io/opencensus/opencensus-exporter-metrics-util/0.31.0/opencensus-exporter-metrics-util-0.31.0.jar:/Users/rtarway/.m2/repository/com/google/apis/google-api-services-cloudresourcemanager/v1-rev20230806-2.0.0/google-api-services-cloudresourcemanager-v1-rev20230806-2.0.0.jar:/Users/rtarway/.m2/repository/org/apache/beam/beam-sdks-java-extensions-protobuf/2.54.0/beam-sdks-java-extensions-protobuf-2.54.0.jar:/Users/rtarway/.m2/repository/com/squareup/wire/wire-schema-jvm/4.9.3/wire-schema-jvm-4.9.3.jar:/Users/rtarway/.m2/repository/com/squareup/okio/okio-jvm/3.6.0/okio-jvm-3.6.0.jar:/Users/rtarway/.m2/repository/com/squareup/javapoet/1.13.0/javapoet-1.13.0.jar:/Users/rtarway/.m2/repository/com/squareup/kotlinpoet-jvm/1.15.1/kotlinpoet-jvm-1.15.1.jar:/Users/rtarway/.m2/repository/org/jetbrains/kotlin/kotlin-stdlib/1.9.20/kotlin-stdlib-1.9.20.jar:/Users/rtarway/.m2/repository/org/jetbrains/annotations/13.0/annotations-13.0.jar:/Users/rtarway/.m2/repository/org/jetbrains/kotlin/kotlin-reflect/1.9.20/kotlin-reflect-1.9.20.jar:/Users/rtarway/.m2/repository/org/jetbrains/kotlin/kotlin-stdlib-jdk8/1.9.10/kotlin-stdlib-jdk8-1.9.10.jar:/Users/rtarway/.m2/repository/org/jetbrains/kotlin/kotlin-stdlib-jdk7/1.9.10/kotlin-stdlib-jdk7-1.9.10.jar:/Users/rtarway/.m2/repository/com/squareup/wire/wire-runtime-jvm/4.9.3/wire-runtime-jvm-4.9.3.jar:/Users/rtarway/.m2/repository/org/jetbrains/kotlin/kotlin-stdlib-common/1.9.10/kotlin-stdlib-common-1.9.10.jar:/Users/rtarway/.m2/repository/io/apicurio/apicurio-registry-protobuf-schema-utilities/3.0.0.M2/apicurio-registry-protobuf-schema-utilities-3.0.0.M2.jar:/Users/rtarway/.m2/repository/com/squareup/wire/wire-schema/4.8.0/wire-schema-4.8.0.jar:/Users/rtarway/.m2/repository/com/squareup/wire/wire-runtime/4.8.0/wire-runtime-4.8.0.jar:/Users/rtarway/.m2/repository/com/squareup/wire/wire-compiler/4.5.0/wire-compiler-4.5.0.jar:/Users/rtarway/.m2/repository/com/squareup/wire/wire-kotlin-generator/4.5.0/wire-kotlin-generator-4.5.0.jar:/Users/rtarway/.m2/repository/com/squareup/kotlinpoet/1.12.0/kotlinpoet-1.12.0.jar:/Users/rtarway/.m2/repository/com/squareup/wire/wire-grpc-client-jvm/4.5.0/wire-grpc-client-jvm-4.5.0.jar:/Users/rtarway/.m2/repository/com/squareup/okhttp3/okhttp/4.9.3/okhttp-4.9.3.jar:/Users/rtarway/.m2/repository/org/jetbrains/kotlinx/kotlinx-coroutines-core-jvm/1.5.2/kotlinx-coroutines-core-jvm-1.5.2.jar:/Users/rtarway/.m2/repository/com/squareup/wire/wire-grpc-server-generator/4.5.0/wire-grpc-server-generator-4.5.0.jar:/Users/rtarway/.m2/repository/com/squareup/wire/wire-grpc-server/4.5.0/wire-grpc-server-4.5.0.jar:/Users/rtarway/.m2/repository/com/squareup/wire/wire-java-generator/4.5.0/wire-java-generator-4.5.0.jar:/Users/rtarway/.m2/repository/com/squareup/wire/wire-swift-generator/4.5.0/wire-swift-generator-4.5.0.jar:/Users/rtarway/.m2/repository/io/outfoxx/swiftpoet/1.3.1/swiftpoet-1.3.1.jar:/Users/rtarway/.m2/repository/com/squareup/okio/okio/3.0.0/okio-3.0.0.jar:/Users/rtarway/.m2/repository/org/jetbrains/kotlinx/kotlinx-serialization-core-jvm/1.0.1/kotlinx-serialization-core-jvm-1.0.1.jar:/Users/rtarway/.m2/repository/com/charleskorn/kaml/kaml/0.20.0/kaml-0.20.0.jar:/Users/rtarway/.m2/repository/org/snakeyaml/snakeyaml-engine/2.1/snakeyaml-engine-2.1.jar:/Users/rtarway/.m2/repository/com/ibm/icu/icu4j/73.2/icu4j-73.2.jar:/Users/rtarway/.m2/repository/com/squareup/okio/okio-fakefilesystem/3.4.0/okio-fakefilesystem-3.4.0.jar:/Users/rtarway/.m2/repository/com/squareup/okio/okio-fakefilesystem-jvm/3.4.0/okio-fakefilesystem-jvm-3.4.0.jar:/Users/rtarway/.m2/repository/org/jetbrains/kotlinx/kotlinx-datetime-jvm/0.4.0/kotlinx-datetime-jvm-0.4.0.jar:/Users/rtarway/.m2/repository/org/apache/beam/beam-runners-core-construction-java/2.54.0/beam-runners-core-construction-java-2.54.0.jar:/Users/rtarway/.m2/repository/io/github/classgraph/classgraph/4.8.162/classgraph-4.8.162.jar:/Users/rtarway/.m2/repository/org/apache/beam/beam-sdks-java-extensions-arrow/2.54.0/beam-sdks-java-extensions-arrow-2.54.0.jar:/Users/rtarway/.m2/repository/org/apache/avro/avro/1.8.2/avro-1.8.2.jar:/Users/rtarway/.m2/repository/org/codehaus/jackson/jackson-core-asl/1.9.13/jackson-core-asl-1.9.13.jar:/Users/rtarway/.m2/repository/org/codehaus/jackson/jackson-mapper-asl/1.9.13/jackson-mapper-asl-1.9.13.jar:/Users/rtarway/.m2/repository/com/thoughtworks/paranamer/paranamer/2.7/paranamer-2.7.jar:/Users/rtarway/.m2/repository/org/tukaani/xz/1.5/xz-1.5.jar:/Users/rtarway/.m2/repository/com/google/cloud/bigdataoss/util/2.2.16/util-2.2.16.jar:/Users/rtarway/.m2/repository/com/google/api-client/google-api-client-jackson2/2.2.0/google-api-client-jackson2-2.2.0.jar:/Users/rtarway/.m2/repository/com/google/apis/google-api-services-iamcredentials/v1-rev20211203-2.0.0/google-api-services-iamcredentials-v1-rev20211203-2.0.0.jar:/Users/rtarway/.m2/repository/com/google/flogger/google-extensions/0.7.1/google-extensions-0.7.1.jar:/Users/rtarway/.m2/repository/com/google/flogger/flogger-system-backend/0.7.4/flogger-system-backend-0.7.4.jar:/Users/rtarway/.m2/repository/com/google/flogger/flogger/0.7.4/flogger-0.7.4.jar:/Users/rtarway/.m2/repository/com/google/api/gax/2.39.0/gax-2.39.0.jar:/Users/rtarway/.m2/repository/com/google/api/gax-grpc/2.39.0/gax-grpc-2.39.0.jar:/Users/rtarway/.m2/repository/com/google/api/gax-httpjson/2.39.0/gax-httpjson-2.39.0.jar:/Users/rtarway/.m2/repository/com/google/api/api-common/2.22.0/api-common-2.22.0.jar:/Users/rtarway/.m2/repository/com/google/apis/google-api-services-healthcare/v1-rev20240110-2.0.0/google-api-services-healthcare-v1-rev20240110-2.0.0.jar:/Users/rtarway/.m2/repository/com/google/apis/google-api-services-storage/v1-rev20231202-2.0.0/google-api-services-storage-v1-rev20231202-2.0.0.jar:/Users/rtarway/.m2/repository/com/google/auth/google-auth-library-credentials/1.21.0/google-auth-library-credentials-1.21.0.jar:/Users/rtarway/.m2/repository/com/google/auth/google-auth-library-oauth2-http/1.21.0/google-auth-library-oauth2-http-1.21.0.jar:/Users/rtarway/.m2/repository/com/google/cloud/google-cloud-bigquerystorage/3.0.0/google-cloud-bigquerystorage-3.0.0.jar:/Users/rtarway/.m2/repository/com/google/cloud/bigtable/bigtable-client-core-config/1.28.0/bigtable-client-core-config-1.28.0.jar:/Users/rtarway/.m2/repository/com/google/cloud/google-cloud-bigtable/2.31.0/google-cloud-bigtable-2.31.0.jar:/Users/rtarway/.m2/repository/com/google/cloud/google-cloud-bigtable-stats/2.31.0/google-cloud-bigtable-stats-2.31.0.jar:/Users/rtarway/.m2/repository/com/lmax/disruptor/3.4.2/disruptor-3.4.2.jar:/Users/rtarway/.m2/repository/com/google/api/grpc/grpc-google-cloud-bigtable-v2/2.31.0/grpc-google-cloud-bigtable-v2-2.31.0.jar:/Users/rtarway/.m2/repository/com/google/api/grpc/proto-google-cloud-bigtable-admin-v2/2.31.0/proto-google-cloud-bigtable-admin-v2-2.31.0.jar:/Users/rtarway/.m2/repository/io/grpc/grpc-rls/1.60.0/grpc-rls-1.60.0.jar:/Users/rtarway/.m2/repository/com/google/cloud/google-cloud-monitoring/3.34.0/google-cloud-monitoring-3.34.0.jar:/Users/rtarway/.m2/repository/io/opencensus/opencensus-proto/0.2.0/opencensus-proto-0.2.0.jar:/Users/rtarway/.m2/repository/io/grpc/grpc-services/1.60.0/grpc-services-1.60.0.jar:/Users/rtarway/.m2/repository/com/google/re2j/re2j/1.7/re2j-1.7.jar:/Users/rtarway/.m2/repository/com/google/api/grpc/proto-google-cloud-monitoring-v3/3.34.0/proto-google-cloud-monitoring-v3-3.34.0.jar:/Users/rtarway/.m2/repository/com/google/cloud/google-cloud-core/2.29.0/google-cloud-core-2.29.0.jar:/Users/rtarway/.m2/repository/com/google/cloud/google-cloud-core-grpc/2.29.0/google-cloud-core-grpc-2.29.0.jar:/Users/rtarway/.m2/repository/com/google/cloud/datastore/datastore-v1-proto-client/2.17.1/datastore-v1-proto-client-2.17.1.jar:/Users/rtarway/.m2/repository/com/google/http-client/google-http-client-protobuf/1.43.3/google-http-client-protobuf-1.43.3.jar:/Users/rtarway/.m2/repository/com/google/cloud/google-cloud-firestore/3.16.0/google-cloud-firestore-3.16.0.jar:/Users/rtarway/.m2/repository/com/google/cloud/proto-google-cloud-firestore-bundle-v1/3.16.0/proto-google-cloud-firestore-bundle-v1-3.16.0.jar:/Users/rtarway/.m2/repository/io/opencensus/opencensus-contrib-grpc-util/0.31.1/opencensus-contrib-grpc-util-0.31.1.jar:/Users/rtarway/.m2/repository/com/google/cloud/google-cloud-pubsublite/1.12.20/google-cloud-pubsublite-1.12.20.jar:/Users/rtarway/.m2/repository/com/google/cloud/google-cloud-pubsub/1.126.0/google-cloud-pubsub-1.126.0.jar:/Users/rtarway/.m2/repository/com/google/cloud/google-cloud-spanner/6.56.0/google-cloud-spanner-6.56.0.jar:/Users/rtarway/.m2/repository/com/google/cloud/grpc-gcp/1.5.0/grpc-gcp-1.5.0.jar:/Users/rtarway/.m2/repository/com/google/api/grpc/proto-google-cloud-spanner-executor-v1/6.56.0/proto-google-cloud-spanner-executor-v1-6.56.0.jar:/Users/rtarway/.m2/repository/com/google/api/grpc/grpc-google-common-protos/2.30.0/grpc-google-common-protos-2.30.0.jar:/Users/rtarway/.m2/repository/com/google/api/grpc/proto-google-cloud-spanner-admin-instance-v1/6.56.0/proto-google-cloud-spanner-admin-instance-v1-6.56.0.jar:/Users/rtarway/.m2/repository/com/google/api/grpc/grpc-google-cloud-spanner-admin-instance-v1/6.56.0/grpc-google-cloud-spanner-admin-instance-v1-6.56.0.jar:/Users/rtarway/.m2/repository/com/google/api/grpc/grpc-google-cloud-spanner-v1/6.56.0/grpc-google-cloud-spanner-v1-6.56.0.jar:/Users/rtarway/.m2/repository/com/google/api/grpc/grpc-google-cloud-spanner-admin-database-v1/6.56.0/grpc-google-cloud-spanner-admin-database-v1-6.56.0.jar:/Users/rtarway/.m2/repository/com/google/code/gson/gson/2.10.1/gson-2.10.1.jar:/Users/rtarway/.m2/repository/com/google/http-client/google-http-client-jackson2/1.43.3/google-http-client-jackson2-1.43.3.jar:/Users/rtarway/.m2/repository/com/google/oauth-client/google-oauth-client/1.34.1/google-oauth-client-1.34.1.jar:/Users/rtarway/.m2/repository/io/grpc/grpc-alts/1.60.0/grpc-alts-1.60.0.jar:/Users/rtarway/.m2/repository/io/grpc/grpc-api/1.60.0/grpc-api-1.60.0.jar:/Users/rtarway/.m2/repository/io/grpc/grpc-auth/1.60.0/grpc-auth-1.60.0.jar:/Users/rtarway/.m2/repository/io/grpc/grpc-core/1.60.0/grpc-core-1.60.0.jar:/Users/rtarway/.m2/repository/io/grpc/grpc-census/1.60.0/grpc-census-1.60.0.jar:/Users/rtarway/.m2/repository/io/opencensus/opencensus-contrib-grpc-metrics/0.31.1/opencensus-contrib-grpc-metrics-0.31.1.jar:/Users/rtarway/.m2/repository/io/grpc/grpc-context/1.60.0/grpc-context-1.60.0.jar:/Users/rtarway/.m2/repository/io/grpc/grpc-grpclb/1.60.0/grpc-grpclb-1.60.0.jar:/Users/rtarway/.m2/repository/io/grpc/grpc-netty/1.60.0/grpc-netty-1.60.0.jar:/Users/rtarway/.m2/repository/io/netty/netty-codec-http2/4.1.100.Final/netty-codec-http2-4.1.100.Final.jar:/Users/rtarway/.m2/repository/io/netty/netty-codec-http/4.1.100.Final/netty-codec-http-4.1.100.Final.jar:/Users/rtarway/.m2/repository/io/netty/netty-handler-proxy/4.1.100.Final/netty-handler-proxy-4.1.100.Final.jar:/Users/rtarway/.m2/repository/io/netty/netty-codec-socks/4.1.100.Final/netty-codec-socks-4.1.100.Final.jar:/Users/rtarway/.m2/repository/io/netty/netty-transport-native-unix-common/4.1.100.Final/netty-transport-native-unix-common-4.1.100.Final.jar:/Users/rtarway/.m2/repository/io/grpc/grpc-netty-shaded/1.60.0/grpc-netty-shaded-1.60.0.jar:/Users/rtarway/.m2/repository/io/grpc/grpc-protobuf/1.60.0/grpc-protobuf-1.60.0.jar:/Users/rtarway/.m2/repository/io/grpc/grpc-stub/1.60.0/grpc-stub-1.60.0.jar:/Users/rtarway/.m2/repository/io/grpc/grpc-xds/1.60.0/grpc-xds-1.60.0.jar:/Users/rtarway/.m2/repository/com/google/api/grpc/grpc-google-cloud-pubsub-v1/1.108.0/grpc-google-cloud-pubsub-v1-1.108.0.jar:/Users/rtarway/.m2/repository/com/google/api/grpc/grpc-google-cloud-pubsublite-v1/1.12.20/grpc-google-cloud-pubsublite-v1-1.12.20.jar:/Users/rtarway/.m2/repository/com/google/guava/guava/32.1.2-jre/guava-32.1.2-jre.jar:/Users/rtarway/.m2/repository/org/apache/httpcomponents/httpclient/4.5.13/httpclient-4.5.13.jar:/Users/rtarway/.m2/repository/org/apache/httpcomponents/httpcore/4.4.14/httpcore-4.4.14.jar:/Users/rtarway/.m2/repository/com/fasterxml/jackson/datatype/jackson-datatype-joda/2.14.1/jackson-datatype-joda-2.14.1.jar:/Users/rtarway/.m2/repository/com/fasterxml/jackson/datatype/jackson-datatype-jsr310/2.14.1/jackson-datatype-jsr310-2.14.1.jar:/Users/rtarway/.m2/repository/io/netty/netty-handler/4.1.87.Final/netty-handler-4.1.87.Final.jar:/Users/rtarway/.m2/repository/io/netty/netty-resolver/4.1.87.Final/netty-resolver-4.1.87.Final.jar:/Users/rtarway/.m2/repository/io/netty/netty-transport/4.1.87.Final/netty-transport-4.1.87.Final.jar:/Users/rtarway/.m2/repository/io/netty/netty-codec/4.1.87.Final/netty-codec-4.1.87.Final.jar:/Users/rtarway/.m2/repository/io/netty/netty-tcnative-boringssl-static/2.0.52.Final/netty-tcnative-boringssl-static-2.0.52.Final.jar:/Users/rtarway/.m2/repository/io/netty/netty-tcnative-classes/2.0.52.Final/netty-tcnative-classes-2.0.52.Final.jar:/Users/rtarway/.m2/repository/io/netty/netty-tcnative-boringssl-static/2.0.52.Final/netty-tcnative-boringssl-static-2.0.52.Final-linux-x86_64.jar:/Users/rtarway/.m2/repository/io/netty/netty-tcnative-boringssl-static/2.0.52.Final/netty-tcnative-boringssl-static-2.0.52.Final-linux-aarch_64.jar:/Users/rtarway/.m2/repository/io/netty/netty-tcnative-boringssl-static/2.0.52.Final/netty-tcnative-boringssl-static-2.0.52.Final-osx-x86_64.jar:/Users/rtarway/.m2/repository/io/netty/netty-tcnative-boringssl-static/2.0.52.Final/netty-tcnative-boringssl-static-2.0.52.Final-osx-aarch_64.jar:/Users/rtarway/.m2/repository/io/netty/netty-tcnative-boringssl-static/2.0.52.Final/netty-tcnative-boringssl-static-2.0.52.Final-windows-x86_64.jar:/Users/rtarway/.m2/repository/com/google/api/grpc/proto-google-cloud-bigquerystorage-v1/3.0.0/proto-google-cloud-bigquerystorage-v1-3.0.0.jar:/Users/rtarway/.m2/repository/com/google/api/grpc/proto-google-cloud-bigtable-v2/2.31.0/proto-google-cloud-bigtable-v2-2.31.0.jar:/Users/rtarway/.m2/repository/com/google/api/grpc/proto-google-cloud-datastore-v1/0.109.0/proto-google-cloud-datastore-v1-0.109.0.jar:/Users/rtarway/.m2/repository/com/google/api/grpc/proto-google-cloud-firestore-v1/3.16.0/proto-google-cloud-firestore-v1-3.16.0.jar:/Users/rtarway/.m2/repository/com/google/api/grpc/proto-google-cloud-pubsub-v1/1.108.0/proto-google-cloud-pubsub-v1-1.108.0.jar:/Users/rtarway/.m2/repository/com/google/api/grpc/proto-google-cloud-pubsublite-v1/1.12.20/proto-google-cloud-pubsublite-v1-1.12.20.jar:/Users/rtarway/.m2/repository/com/google/api/grpc/proto-google-cloud-spanner-admin-database-v1/6.56.0/proto-google-cloud-spanner-admin-database-v1-6.56.0.jar:/Users/rtarway/.m2/repository/com/google/api/grpc/proto-google-cloud-spanner-v1/6.56.0/proto-google-cloud-spanner-v1-6.56.0.jar:/Users/rtarway/.m2/repository/com/google/api/grpc/proto-google-common-protos/2.30.0/proto-google-common-protos-2.30.0.jar:/Users/rtarway/.m2/repository/com/google/protobuf/protobuf-java-util/3.25.1/protobuf-java-util-3.25.1.jar:/Users/rtarway/.m2/repository/org/apache/arrow/arrow-memory-core/5.0.0/arrow-memory-core-5.0.0.jar:/Users/rtarway/.m2/repository/org/apache/arrow/arrow-vector/5.0.0/arrow-vector-5.0.0.jar:/Users/rtarway/.m2/repository/com/google/http-client/google-http-client-gson/1.43.3/google-http-client-gson-1.43.3.jar:/Users/rtarway/.m2/repository/org/threeten/threetenbp/1.4.4/threetenbp-1.4.4.jar:/Users/rtarway/.m2/repository/org/apache/beam/beam-sdks-java-extensions-python/2.54.0/beam-sdks-java-extensions-python-2.54.0.jar:/Users/rtarway/.m2/repository/org/apache/beam/beam-sdks-java-transform-service-launcher/2.54.0/beam-sdks-java-transform-service-launcher-2.54.0.jar:/Users/rtarway/.m2/repository/args4j/args4j/2.33/args4j-2.33.jar:/Users/rtarway/.m2/repository/org/apache/beam/beam-sdks-java-io-kafka/2.54.0/beam-sdks-java-io-kafka-2.54.0.jar:/Users/rtarway/.m2/repository/org/springframework/spring-expression/5.3.27/spring-expression-5.3.27.jar:/Users/rtarway/.m2/repository/org/springframework/spring-core/5.3.27/spring-core-5.3.27.jar:/Users/rtarway/.m2/repository/org/springframework/spring-jcl/5.3.27/spring-jcl-5.3.27.jar:/Users/rtarway/.m2/repository/io/confluent/kafka-avro-serializer/5.3.2/kafka-avro-serializer-5.3.2.jar:/Users/rtarway/.m2/repository/io/confluent/common-config/5.3.2/common-config-5.3.2.jar:/Users/rtarway/.m2/repository/io/confluent/common-utils/5.3.2/common-utils-5.3.2.jar:/Users/rtarway/.m2/repository/com/101tec/zkclient/0.10/zkclient-0.10.jar:/Users/rtarway/.m2/repository/io/confluent/kafka-schema-registry-client/5.3.2/kafka-schema-registry-client-5.3.2.jar:/Users/rtarway/.m2/repository/com/google/api-client/google-api-client/2.0.0/google-api-client-2.0.0.jar:/Users/rtarway/.m2/repository/com/google/http-client/google-http-client-apache-v2/1.43.3/google-http-client-apache-v2-1.43.3.jar:/Users/rtarway/.m2/repository/com/google/apis/google-api-services-bigquery/v2-rev20230812-2.0.0/google-api-services-bigquery-v2-rev20230812-2.0.0.jar:/Users/rtarway/.m2/repository/com/google/http-client/google-http-client/1.43.3/google-http-client-1.43.3.jar:/Users/rtarway/.m2/repository/com/google/j2objc/j2objc-annotations/2.8/j2objc-annotations-2.8.jar:/Users/rtarway/.m2/repository/io/opencensus/opencensus-api/0.31.1/opencensus-api-0.31.1.jar:/Users/rtarway/.m2/repository/io/opencensus/opencensus-contrib-http-util/0.31.1/opencensus-contrib-http-util-0.31.1.jar:/Users/rtarway/.m2/repository/com/google/apis/google-api-services-pubsub/v1-rev20220904-2.0.0/google-api-services-pubsub-v1-rev20220904-2.0.0.jar:/Users/rtarway/.m2/repository/joda-time/joda-time/2.10.10/joda-time-2.10.10.jar:/Users/rtarway/.m2/repository/org/slf4j/slf4j-api/1.7.30/slf4j-api-1.7.30.jar:/Users/rtarway/.m2/repository/org/slf4j/slf4j-jdk14/1.7.30/slf4j-jdk14-1.7.30.jar:/Users/rtarway/.m2/repository/org/hamcrest/hamcrest-core/2.1/hamcrest-core-2.1.jar:/Users/rtarway/.m2/repository/org/hamcrest/hamcrest/2.1/hamcrest-2.1.jar:/Users/rtarway/.m2/repository/org/hamcrest/hamcrest-library/2.1/hamcrest-library-2.1.jar:/Users/rtarway/.m2/repository/junit/junit/4.13.1/junit-4.13.1.jar:/Users/rtarway/.m2/repository/org/apache/beam/beam-runners-direct-java/2.54.0/beam-runners-direct-java-2.54.0.jar:/Users/rtarway/.m2/repository/org/mockito/mockito-core/3.7.7/mockito-core-3.7.7.jar:/Users/rtarway/.m2/repository/net/bytebuddy/byte-buddy-agent/1.10.19/byte-buddy-agent-1.10.19.jar:/Users/rtarway/.m2/repository/org/objenesis/objenesis/3.1/objenesis-3.1.jar:/Users/rtarway/.m2/repository/com/google/cloud/google-cloud-bigquery/2.36.0/google-cloud-bigquery-2.36.0.jar:/Users/rtarway/.m2/repository/com/google/api/grpc/proto-google-iam-v1/1.25.0/proto-google-iam-v1-1.25.0.jar:/Users/rtarway/.m2/repository/com/google/cloud/google-cloud-core-http/2.29.0/google-cloud-core-http-2.29.0.jar:/Users/rtarway/.m2/repository/com/google/http-client/google-http-client-appengine/1.43.3/google-http-client-appengine-1.43.3.jar:/Users/rtarway/.m2/repository/org/checkerframework/checker-compat-qual/2.5.6/checker-compat-qual-2.5.6.jar:/Users/rtarway/.m2/repository/javax/annotation/javax.annotation-api/1.3.2/javax.annotation-api-1.3.2.jar:/Users/rtarway/.m2/repository/com/google/guava/failureaccess/1.0.1/failureaccess-1.0.1.jar:/Users/rtarway/.m2/repository/com/google/guava/listenablefuture/9999.0-empty-to-avoid-conflict-with-guava/listenablefuture-9999.0-empty-to-avoid-conflict-with-guava.jar:/Users/rtarway/.m2/repository/org/threeten/threeten-extra/1.7.2/threeten-extra-1.7.2.jar:/Users/rtarway/.m2/repository/io/grpc/grpc-protobuf-lite/1.60.0/grpc-protobuf-lite-1.60.0.jar:/Users/rtarway/.m2/repository/io/grpc/grpc-util/1.60.0/grpc-util-1.60.0.jar:/Users/rtarway/.m2/repository/com/google/android/annotations/4.1.1.4/annotations-4.1.1.4.jar:/Users/rtarway/.m2/repository/io/perfmark/perfmark-api/0.26.0/perfmark-api-0.26.0.jar:/Users/rtarway/.m2/repository/org/codehaus/mojo/animal-sniffer-annotations/1.23/animal-sniffer-annotations-1.23.jar:/Users/rtarway/.m2/repository/com/google/auto/value/auto-value/1.10.4/auto-value-1.10.4.jar:/Users/rtarway/.m2/repository/com/google/api/grpc/proto-google-cloud-bigquerystorage-v1beta1/0.172.0/proto-google-cloud-bigquerystorage-v1beta1-0.172.0.jar:/Users/rtarway/.m2/repository/com/google/api/grpc/proto-google-cloud-bigquerystorage-v1beta2/0.172.0/proto-google-cloud-bigquerystorage-v1beta2-0.172.0.jar:/Users/rtarway/.m2/repository/io/grpc/grpc-inprocess/1.60.0/grpc-inprocess-1.60.0.jar:/Users/rtarway/.m2/repository/org/conscrypt/conscrypt-openjdk-uber/2.5.2/conscrypt-openjdk-uber-2.5.2.jar:/Users/rtarway/.m2/repository/io/grpc/grpc-googleapis/1.60.0/grpc-googleapis-1.60.0.jar:/Users/rtarway/.m2/repository/org/json/json/20231013/json-20231013.jar:/Users/rtarway/.m2/repository/commons-logging/commons-logging/1.2/commons-logging-1.2.jar:/Users/rtarway/.m2/repository/commons-codec/commons-codec/1.16.0/commons-codec-1.16.0.jar:/Users/rtarway/.m2/repository/com/google/api/grpc/grpc-google-cloud-bigquerystorage-v1beta1/0.172.0/grpc-google-cloud-bigquerystorage-v1beta1-0.172.0.jar:/Users/rtarway/.m2/repository/com/google/api/grpc/grpc-google-cloud-bigquerystorage-v1beta2/0.172.0/grpc-google-cloud-bigquerystorage-v1beta2-0.172.0.jar:/Users/rtarway/.m2/repository/com/google/api/grpc/grpc-google-cloud-bigquerystorage-v1/3.0.0/grpc-google-cloud-bigquerystorage-v1-3.0.0.jar:/Users/rtarway/.m2/repository/org/apache/arrow/arrow-format/14.0.2/arrow-format-14.0.2.jar:/Users/rtarway/.m2/repository/io/netty/netty-common/4.1.96.Final/netty-common-4.1.96.Final.jar:/Users/rtarway/.m2/repository/com/google/flatbuffers/flatbuffers-java/1.12.0/flatbuffers-java-1.12.0.jar:/Users/rtarway/.m2/repository/org/apache/arrow/arrow-memory-netty/14.0.2/arrow-memory-netty-14.0.2.jar:/Users/rtarway/.m2/repository/io/netty/netty-buffer/4.1.96.Final/netty-buffer-4.1.96.Final.jar:/Users/rtarway/.m2/repository/org/apache/beam/beam-runners-google-cloud-dataflow-java/2.54.0/beam-runners-google-cloud-dataflow-java-2.54.0.jar:/Users/rtarway/.m2/repository/com/google/apis/google-api-services-dataflow/v1b3-rev20240113-2.0.0/google-api-services-dataflow-v1b3-rev20240113-2.0.0.jar:/Users/rtarway/.m2/repository/com/google/cloud/bigtable/bigtable-hbase-beam/1.17.0/bigtable-hbase-beam-1.17.0.jar:/Users/rtarway/.m2/repository/org/apache/beam/beam-sdks-java-io-hbase/2.19.0/beam-sdks-java-io-hbase-2.19.0.jar:/Users/rtarway/.m2/repository/org/apache/beam/beam-vendor-guava-26_0-jre/0.1/beam-vendor-guava-26_0-jre-0.1.jar:/Users/rtarway/.m2/repository/org/apache/beam/beam-sdks-java-io-hadoop-common/2.19.0/beam-sdks-java-io-hadoop-common-2.19.0.jar:/Users/rtarway/.m2/repository/com/google/cloud/bigtable/bigtable-hbase-1.x-shaded/1.17.0/bigtable-hbase-1.x-shaded-1.17.0.jar:/Users/rtarway/.m2/repository/io/dropwizard/metrics/metrics-core/3.2.6/metrics-core-3.2.6.jar:/Users/rtarway/.m2/repository/org/apache/hbase/hbase-shaded-client/1.4.12/hbase-shaded-client-1.4.12.jar:/Users/rtarway/.m2/repository/org/apache/htrace/htrace-core/3.1.0-incubating/htrace-core-3.1.0-incubating.jar:/Users/rtarway/.m2/repository/log4j/log4j/1.2.17/log4j-1.2.17.jar:/Users/rtarway/.m2/repository/org/slf4j/slf4j-log4j12/1.7.25/slf4j-log4j12-1.7.25.jar:/Users/rtarway/.m2/repository/com/github/stephenc/findbugs/findbugs-annotations/1.3.9-1/findbugs-annotations-1.3.9-1.jar:/Users/rtarway/.m2/repository/org/apache/commons/commons-compress/1.20/commons-compress-1.20.jar:/Users/rtarway/.m2/repository/org/apache/beam/beam-runners-portability-java/2.54.0/beam-runners-portability-java-2.54.0.jar:/Users/rtarway/.m2/repository/org/apache/beam/beam-runners-java-fn-execution/2.54.0/beam-runners-java-fn-execution-2.54.0.jar:/Users/rtarway/.m2/repository/org/apache/beam/beam-runners-java-job-service/2.54.0/beam-runners-java-job-service-2.54.0.jar:"/>
    <property name="java.vm.vendor" value="GraalVM Community"/>
    <property name="sun.arch.data.model" value="64"/>
    <property name="java.vendor.url" value="https://www.graalvm.org/"/>
    <property name="user.timezone" value="America/Chicago"/>
    <property name="os.name" value="Mac OS X"/>
    <property name="java.vm.specification.version" value="21"/>
    <property name="sun.java.launcher" value="SUN_STANDARD"/>
    <property name="user.country" value="US"/>
    <property name="sun.boot.library.path" value="/Users/rtarway/Library/Java/JavaVirtualMachines/graalvm-ce-21.0.2/Contents/Home/lib"/>
    <property name="sun.java.command" value="/Users/rtarway/mygithubprojects/IOTStreamingDataParser/target/surefire/surefirebooter1711577132363688231.jar /Users/rtarway/mygithubprojects/IOTStreamingDataParser/target/surefire 2024-03-17T13-34-36_328-jvmRun1 surefire16909290594686489854tmp surefire_017102960254361058974tmp"/>
    <property name="http.nonProxyHosts" value="local|*.local|169.254/16|*.169.254/16"/>
    <property name="jdk.debug" value="release"/>
    <property name="surefire.test.class.path" value="/Users/rtarway/mygithubprojects/IOTStreamingDataParser/target/test-classes:/Users/rtarway/mygithubprojects/IOTStreamingDataParser/target/classes:/Users/rtarway/.m2/repository/com/fasterxml/jackson/core/jackson-databind/2.16.1/jackson-databind-2.16.1.jar:/Users/rtarway/.m2/repository/com/fasterxml/jackson/core/jackson-annotations/2.16.1/jackson-annotations-2.16.1.jar:/Users/rtarway/.m2/repository/com/fasterxml/jackson/core/jackson-core/2.16.1/jackson-core-2.16.1.jar:/Users/rtarway/.m2/repository/com/google/protobuf/protobuf-java/3.25.3/protobuf-java-3.25.3.jar:/Users/rtarway/.m2/repository/org/apache/beam/beam-sdks-java-core/2.54.0/beam-sdks-java-core-2.54.0.jar:/Users/rtarway/.m2/repository/org/apache/beam/beam-model-pipeline/2.54.0/beam-model-pipeline-2.54.0.jar:/Users/rtarway/.m2/repository/com/google/auto/value/auto-value-annotations/1.10.4/auto-value-annotations-1.10.4.jar:/Users/rtarway/.m2/repository/org/apache/beam/beam-model-job-management/2.54.0/beam-model-job-management-2.54.0.jar:/Users/rtarway/.m2/repository/org/apache/beam/beam-vendor-grpc-1_60_1/0.1/beam-vendor-grpc-1_60_1-0.1.jar:/Users/rtarway/.m2/repository/org/apache/beam/beam-vendor-guava-32_1_2-jre/0.1/beam-vendor-guava-32_1_2-jre-0.1.jar:/Users/rtarway/.m2/repository/net/bytebuddy/byte-buddy/1.12.14/byte-buddy-1.12.14.jar:/Users/rtarway/.m2/repository/com/google/code/findbugs/jsr305/3.0.2/jsr305-3.0.2.jar:/Users/rtarway/.m2/repository/com/google/errorprone/error_prone_annotations/2.10.0/error_prone_annotations-2.10.0.jar:/Users/rtarway/.m2/repository/org/xerial/snappy/snappy-java/1.1.10.4/snappy-java-1.1.10.4.jar:/Users/rtarway/.m2/repository/org/apache/beam/beam-sdks-java-io-google-cloud-platform/2.54.0/beam-sdks-java-io-google-cloud-platform-2.54.0.jar:/Users/rtarway/.m2/repository/org/checkerframework/checker-qual/3.42.0/checker-qual-3.42.0.jar:/Users/rtarway/.m2/repository/org/apache/beam/beam-runners-core-java/2.54.0/beam-runners-core-java-2.54.0.jar:/Users/rtarway/.m2/repository/org/apache/beam/beam-sdks-java-fn-execution/2.54.0/beam-sdks-java-fn-execution-2.54.0.jar:/Users/rtarway/.m2/repository/org/apache/beam/beam-sdks-java-harness/2.54.0/beam-sdks-java-harness-2.54.0.jar:/Users/rtarway/.m2/repository/org/apache/beam/beam-sdks-java-expansion-service/2.54.0/beam-sdks-java-expansion-service-2.54.0.jar:/Users/rtarway/.m2/repository/org/apache/beam/beam-model-fn-execution/2.54.0/beam-model-fn-execution-2.54.0.jar:/Users/rtarway/.m2/repository/com/fasterxml/jackson/dataformat/jackson-dataformat-yaml/2.14.1/jackson-dataformat-yaml-2.14.1.jar:/Users/rtarway/.m2/repository/org/yaml/snakeyaml/1.33/snakeyaml-1.33.jar:/Users/rtarway/.m2/repository/org/apache/beam/beam-sdks-java-extensions-avro/2.54.0/beam-sdks-java-extensions-avro-2.54.0.jar:/Users/rtarway/.m2/repository/org/apache/beam/beam-sdks-java-extensions-google-cloud-platform-core/2.54.0/beam-sdks-java-extensions-google-cloud-platform-core-2.54.0.jar:/Users/rtarway/.m2/repository/com/google/cloud/bigdataoss/gcsio/2.2.16/gcsio-2.2.16.jar:/Users/rtarway/.m2/repository/com/google/cloud/google-cloud-storage/2.31.0/google-cloud-storage-2.31.0.jar:/Users/rtarway/.m2/repository/com/google/api/grpc/proto-google-cloud-storage-v2/2.31.0-alpha/proto-google-cloud-storage-v2-2.31.0-alpha.jar:/Users/rtarway/.m2/repository/com/google/api/grpc/gapic-google-cloud-storage-v2/2.31.0-alpha/gapic-google-cloud-storage-v2-2.31.0-alpha.jar:/Users/rtarway/.m2/repository/com/google/api/grpc/grpc-google-cloud-storage-v2/2.31.0-alpha/grpc-google-cloud-storage-v2-2.31.0-alpha.jar:/Users/rtarway/.m2/repository/io/opencensus/opencensus-impl/0.31.0/opencensus-impl-0.31.0.jar:/Users/rtarway/.m2/repository/io/opencensus/opencensus-impl-core/0.31.0/opencensus-impl-core-0.31.0.jar:/Users/rtarway/.m2/repository/io/opencensus/opencensus-exporter-stats-stackdriver/0.31.0/opencensus-exporter-stats-stackdriver-0.31.0.jar:/Users/rtarway/.m2/repository/io/opencensus/opencensus-contrib-exemplar-util/0.31.0/opencensus-contrib-exemplar-util-0.31.0.jar:/Users/rtarway/.m2/repository/io/opencensus/opencensus-contrib-resource-util/0.31.0/opencensus-contrib-resource-util-0.31.0.jar:/Users/rtarway/.m2/repository/io/opencensus/opencensus-exporter-metrics-util/0.31.0/opencensus-exporter-metrics-util-0.31.0.jar:/Users/rtarway/.m2/repository/com/google/apis/google-api-services-cloudresourcemanager/v1-rev20230806-2.0.0/google-api-services-cloudresourcemanager-v1-rev20230806-2.0.0.jar:/Users/rtarway/.m2/repository/org/apache/beam/beam-sdks-java-extensions-protobuf/2.54.0/beam-sdks-java-extensions-protobuf-2.54.0.jar:/Users/rtarway/.m2/repository/com/squareup/wire/wire-schema-jvm/4.9.3/wire-schema-jvm-4.9.3.jar:/Users/rtarway/.m2/repository/com/squareup/okio/okio-jvm/3.6.0/okio-jvm-3.6.0.jar:/Users/rtarway/.m2/repository/com/squareup/javapoet/1.13.0/javapoet-1.13.0.jar:/Users/rtarway/.m2/repository/com/squareup/kotlinpoet-jvm/1.15.1/kotlinpoet-jvm-1.15.1.jar:/Users/rtarway/.m2/repository/org/jetbrains/kotlin/kotlin-stdlib/1.9.20/kotlin-stdlib-1.9.20.jar:/Users/rtarway/.m2/repository/org/jetbrains/annotations/13.0/annotations-13.0.jar:/Users/rtarway/.m2/repository/org/jetbrains/kotlin/kotlin-reflect/1.9.20/kotlin-reflect-1.9.20.jar:/Users/rtarway/.m2/repository/org/jetbrains/kotlin/kotlin-stdlib-jdk8/1.9.10/kotlin-stdlib-jdk8-1.9.10.jar:/Users/rtarway/.m2/repository/org/jetbrains/kotlin/kotlin-stdlib-jdk7/1.9.10/kotlin-stdlib-jdk7-1.9.10.jar:/Users/rtarway/.m2/repository/com/squareup/wire/wire-runtime-jvm/4.9.3/wire-runtime-jvm-4.9.3.jar:/Users/rtarway/.m2/repository/org/jetbrains/kotlin/kotlin-stdlib-common/1.9.10/kotlin-stdlib-common-1.9.10.jar:/Users/rtarway/.m2/repository/io/apicurio/apicurio-registry-protobuf-schema-utilities/3.0.0.M2/apicurio-registry-protobuf-schema-utilities-3.0.0.M2.jar:/Users/rtarway/.m2/repository/com/squareup/wire/wire-schema/4.8.0/wire-schema-4.8.0.jar:/Users/rtarway/.m2/repository/com/squareup/wire/wire-runtime/4.8.0/wire-runtime-4.8.0.jar:/Users/rtarway/.m2/repository/com/squareup/wire/wire-compiler/4.5.0/wire-compiler-4.5.0.jar:/Users/rtarway/.m2/repository/com/squareup/wire/wire-kotlin-generator/4.5.0/wire-kotlin-generator-4.5.0.jar:/Users/rtarway/.m2/repository/com/squareup/kotlinpoet/1.12.0/kotlinpoet-1.12.0.jar:/Users/rtarway/.m2/repository/com/squareup/wire/wire-grpc-client-jvm/4.5.0/wire-grpc-client-jvm-4.5.0.jar:/Users/rtarway/.m2/repository/com/squareup/okhttp3/okhttp/4.9.3/okhttp-4.9.3.jar:/Users/rtarway/.m2/repository/org/jetbrains/kotlinx/kotlinx-coroutines-core-jvm/1.5.2/kotlinx-coroutines-core-jvm-1.5.2.jar:/Users/rtarway/.m2/repository/com/squareup/wire/wire-grpc-server-generator/4.5.0/wire-grpc-server-generator-4.5.0.jar:/Users/rtarway/.m2/repository/com/squareup/wire/wire-grpc-server/4.5.0/wire-grpc-server-4.5.0.jar:/Users/rtarway/.m2/repository/com/squareup/wire/wire-java-generator/4.5.0/wire-java-generator-4.5.0.jar:/Users/rtarway/.m2/repository/com/squareup/wire/wire-swift-generator/4.5.0/wire-swift-generator-4.5.0.jar:/Users/rtarway/.m2/repository/io/outfoxx/swiftpoet/1.3.1/swiftpoet-1.3.1.jar:/Users/rtarway/.m2/repository/com/squareup/okio/okio/3.0.0/okio-3.0.0.jar:/Users/rtarway/.m2/repository/org/jetbrains/kotlinx/kotlinx-serialization-core-jvm/1.0.1/kotlinx-serialization-core-jvm-1.0.1.jar:/Users/rtarway/.m2/repository/com/charleskorn/kaml/kaml/0.20.0/kaml-0.20.0.jar:/Users/rtarway/.m2/repository/org/snakeyaml/snakeyaml-engine/2.1/snakeyaml-engine-2.1.jar:/Users/rtarway/.m2/repository/com/ibm/icu/icu4j/73.2/icu4j-73.2.jar:/Users/rtarway/.m2/repository/com/squareup/okio/okio-fakefilesystem/3.4.0/okio-fakefilesystem-3.4.0.jar:/Users/rtarway/.m2/repository/com/squareup/okio/okio-fakefilesystem-jvm/3.4.0/okio-fakefilesystem-jvm-3.4.0.jar:/Users/rtarway/.m2/repository/org/jetbrains/kotlinx/kotlinx-datetime-jvm/0.4.0/kotlinx-datetime-jvm-0.4.0.jar:/Users/rtarway/.m2/repository/org/apache/beam/beam-runners-core-construction-java/2.54.0/beam-runners-core-construction-java-2.54.0.jar:/Users/rtarway/.m2/repository/io/github/classgraph/classgraph/4.8.162/classgraph-4.8.162.jar:/Users/rtarway/.m2/repository/org/apache/beam/beam-sdks-java-extensions-arrow/2.54.0/beam-sdks-java-extensions-arrow-2.54.0.jar:/Users/rtarway/.m2/repository/org/apache/avro/avro/1.8.2/avro-1.8.2.jar:/Users/rtarway/.m2/repository/org/codehaus/jackson/jackson-core-asl/1.9.13/jackson-core-asl-1.9.13.jar:/Users/rtarway/.m2/repository/org/codehaus/jackson/jackson-mapper-asl/1.9.13/jackson-mapper-asl-1.9.13.jar:/Users/rtarway/.m2/repository/com/thoughtworks/paranamer/paranamer/2.7/paranamer-2.7.jar:/Users/rtarway/.m2/repository/org/tukaani/xz/1.5/xz-1.5.jar:/Users/rtarway/.m2/repository/com/google/cloud/bigdataoss/util/2.2.16/util-2.2.16.jar:/Users/rtarway/.m2/repository/com/google/api-client/google-api-client-jackson2/2.2.0/google-api-client-jackson2-2.2.0.jar:/Users/rtarway/.m2/repository/com/google/apis/google-api-services-iamcredentials/v1-rev20211203-2.0.0/google-api-services-iamcredentials-v1-rev20211203-2.0.0.jar:/Users/rtarway/.m2/repository/com/google/flogger/google-extensions/0.7.1/google-extensions-0.7.1.jar:/Users/rtarway/.m2/repository/com/google/flogger/flogger-system-backend/0.7.4/flogger-system-backend-0.7.4.jar:/Users/rtarway/.m2/repository/com/google/flogger/flogger/0.7.4/flogger-0.7.4.jar:/Users/rtarway/.m2/repository/com/google/api/gax/2.39.0/gax-2.39.0.jar:/Users/rtarway/.m2/repository/com/google/api/gax-grpc/2.39.0/gax-grpc-2.39.0.jar:/Users/rtarway/.m2/repository/com/google/api/gax-httpjson/2.39.0/gax-httpjson-2.39.0.jar:/Users/rtarway/.m2/repository/com/google/api/api-common/2.22.0/api-common-2.22.0.jar:/Users/rtarway/.m2/repository/com/google/apis/google-api-services-healthcare/v1-rev20240110-2.0.0/google-api-services-healthcare-v1-rev20240110-2.0.0.jar:/Users/rtarway/.m2/repository/com/google/apis/google-api-services-storage/v1-rev20231202-2.0.0/google-api-services-storage-v1-rev20231202-2.0.0.jar:/Users/rtarway/.m2/repository/com/google/auth/google-auth-library-credentials/1.21.0/google-auth-library-credentials-1.21.0.jar:/Users/rtarway/.m2/repository/com/google/auth/google-auth-library-oauth2-http/1.21.0/google-auth-library-oauth2-http-1.21.0.jar:/Users/rtarway/.m2/repository/com/google/cloud/google-cloud-bigquerystorage/3.0.0/google-cloud-bigquerystorage-3.0.0.jar:/Users/rtarway/.m2/repository/com/google/cloud/bigtable/bigtable-client-core-config/1.28.0/bigtable-client-core-config-1.28.0.jar:/Users/rtarway/.m2/repository/com/google/cloud/google-cloud-bigtable/2.31.0/google-cloud-bigtable-2.31.0.jar:/Users/rtarway/.m2/repository/com/google/cloud/google-cloud-bigtable-stats/2.31.0/google-cloud-bigtable-stats-2.31.0.jar:/Users/rtarway/.m2/repository/com/lmax/disruptor/3.4.2/disruptor-3.4.2.jar:/Users/rtarway/.m2/repository/com/google/api/grpc/grpc-google-cloud-bigtable-v2/2.31.0/grpc-google-cloud-bigtable-v2-2.31.0.jar:/Users/rtarway/.m2/repository/com/google/api/grpc/proto-google-cloud-bigtable-admin-v2/2.31.0/proto-google-cloud-bigtable-admin-v2-2.31.0.jar:/Users/rtarway/.m2/repository/io/grpc/grpc-rls/1.60.0/grpc-rls-1.60.0.jar:/Users/rtarway/.m2/repository/com/google/cloud/google-cloud-monitoring/3.34.0/google-cloud-monitoring-3.34.0.jar:/Users/rtarway/.m2/repository/io/opencensus/opencensus-proto/0.2.0/opencensus-proto-0.2.0.jar:/Users/rtarway/.m2/repository/io/grpc/grpc-services/1.60.0/grpc-services-1.60.0.jar:/Users/rtarway/.m2/repository/com/google/re2j/re2j/1.7/re2j-1.7.jar:/Users/rtarway/.m2/repository/com/google/api/grpc/proto-google-cloud-monitoring-v3/3.34.0/proto-google-cloud-monitoring-v3-3.34.0.jar:/Users/rtarway/.m2/repository/com/google/cloud/google-cloud-core/2.29.0/google-cloud-core-2.29.0.jar:/Users/rtarway/.m2/repository/com/google/cloud/google-cloud-core-grpc/2.29.0/google-cloud-core-grpc-2.29.0.jar:/Users/rtarway/.m2/repository/com/google/cloud/datastore/datastore-v1-proto-client/2.17.1/datastore-v1-proto-client-2.17.1.jar:/Users/rtarway/.m2/repository/com/google/http-client/google-http-client-protobuf/1.43.3/google-http-client-protobuf-1.43.3.jar:/Users/rtarway/.m2/repository/com/google/cloud/google-cloud-firestore/3.16.0/google-cloud-firestore-3.16.0.jar:/Users/rtarway/.m2/repository/com/google/cloud/proto-google-cloud-firestore-bundle-v1/3.16.0/proto-google-cloud-firestore-bundle-v1-3.16.0.jar:/Users/rtarway/.m2/repository/io/opencensus/opencensus-contrib-grpc-util/0.31.1/opencensus-contrib-grpc-util-0.31.1.jar:/Users/rtarway/.m2/repository/com/google/cloud/google-cloud-pubsublite/1.12.20/google-cloud-pubsublite-1.12.20.jar:/Users/rtarway/.m2/repository/com/google/cloud/google-cloud-pubsub/1.126.0/google-cloud-pubsub-1.126.0.jar:/Users/rtarway/.m2/repository/com/google/cloud/google-cloud-spanner/6.56.0/google-cloud-spanner-6.56.0.jar:/Users/rtarway/.m2/repository/com/google/cloud/grpc-gcp/1.5.0/grpc-gcp-1.5.0.jar:/Users/rtarway/.m2/repository/com/google/api/grpc/proto-google-cloud-spanner-executor-v1/6.56.0/proto-google-cloud-spanner-executor-v1-6.56.0.jar:/Users/rtarway/.m2/repository/com/google/api/grpc/grpc-google-common-protos/2.30.0/grpc-google-common-protos-2.30.0.jar:/Users/rtarway/.m2/repository/com/google/api/grpc/proto-google-cloud-spanner-admin-instance-v1/6.56.0/proto-google-cloud-spanner-admin-instance-v1-6.56.0.jar:/Users/rtarway/.m2/repository/com/google/api/grpc/grpc-google-cloud-spanner-admin-instance-v1/6.56.0/grpc-google-cloud-spanner-admin-instance-v1-6.56.0.jar:/Users/rtarway/.m2/repository/com/google/api/grpc/grpc-google-cloud-spanner-v1/6.56.0/grpc-google-cloud-spanner-v1-6.56.0.jar:/Users/rtarway/.m2/repository/com/google/api/grpc/grpc-google-cloud-spanner-admin-database-v1/6.56.0/grpc-google-cloud-spanner-admin-database-v1-6.56.0.jar:/Users/rtarway/.m2/repository/com/google/code/gson/gson/2.10.1/gson-2.10.1.jar:/Users/rtarway/.m2/repository/com/google/http-client/google-http-client-jackson2/1.43.3/google-http-client-jackson2-1.43.3.jar:/Users/rtarway/.m2/repository/com/google/oauth-client/google-oauth-client/1.34.1/google-oauth-client-1.34.1.jar:/Users/rtarway/.m2/repository/io/grpc/grpc-alts/1.60.0/grpc-alts-1.60.0.jar:/Users/rtarway/.m2/repository/io/grpc/grpc-api/1.60.0/grpc-api-1.60.0.jar:/Users/rtarway/.m2/repository/io/grpc/grpc-auth/1.60.0/grpc-auth-1.60.0.jar:/Users/rtarway/.m2/repository/io/grpc/grpc-core/1.60.0/grpc-core-1.60.0.jar:/Users/rtarway/.m2/repository/io/grpc/grpc-census/1.60.0/grpc-census-1.60.0.jar:/Users/rtarway/.m2/repository/io/opencensus/opencensus-contrib-grpc-metrics/0.31.1/opencensus-contrib-grpc-metrics-0.31.1.jar:/Users/rtarway/.m2/repository/io/grpc/grpc-context/1.60.0/grpc-context-1.60.0.jar:/Users/rtarway/.m2/repository/io/grpc/grpc-grpclb/1.60.0/grpc-grpclb-1.60.0.jar:/Users/rtarway/.m2/repository/io/grpc/grpc-netty/1.60.0/grpc-netty-1.60.0.jar:/Users/rtarway/.m2/repository/io/netty/netty-codec-http2/4.1.100.Final/netty-codec-http2-4.1.100.Final.jar:/Users/rtarway/.m2/repository/io/netty/netty-codec-http/4.1.100.Final/netty-codec-http-4.1.100.Final.jar:/Users/rtarway/.m2/repository/io/netty/netty-handler-proxy/4.1.100.Final/netty-handler-proxy-4.1.100.Final.jar:/Users/rtarway/.m2/repository/io/netty/netty-codec-socks/4.1.100.Final/netty-codec-socks-4.1.100.Final.jar:/Users/rtarway/.m2/repository/io/netty/netty-transport-native-unix-common/4.1.100.Final/netty-transport-native-unix-common-4.1.100.Final.jar:/Users/rtarway/.m2/repository/io/grpc/grpc-netty-shaded/1.60.0/grpc-netty-shaded-1.60.0.jar:/Users/rtarway/.m2/repository/io/grpc/grpc-protobuf/1.60.0/grpc-protobuf-1.60.0.jar:/Users/rtarway/.m2/repository/io/grpc/grpc-stub/1.60.0/grpc-stub-1.60.0.jar:/Users/rtarway/.m2/repository/io/grpc/grpc-xds/1.60.0/grpc-xds-1.60.0.jar:/Users/rtarway/.m2/repository/com/google/api/grpc/grpc-google-cloud-pubsub-v1/1.108.0/grpc-google-cloud-pubsub-v1-1.108.0.jar:/Users/rtarway/.m2/repository/com/google/api/grpc/grpc-google-cloud-pubsublite-v1/1.12.20/grpc-google-cloud-pubsublite-v1-1.12.20.jar:/Users/rtarway/.m2/repository/com/google/guava/guava/32.1.2-jre/guava-32.1.2-jre.jar:/Users/rtarway/.m2/repository/org/apache/httpcomponents/httpclient/4.5.13/httpclient-4.5.13.jar:/Users/rtarway/.m2/repository/org/apache/httpcomponents/httpcore/4.4.14/httpcore-4.4.14.jar:/Users/rtarway/.m2/repository/com/fasterxml/jackson/datatype/jackson-datatype-joda/2.14.1/jackson-datatype-joda-2.14.1.jar:/Users/rtarway/.m2/repository/com/fasterxml/jackson/datatype/jackson-datatype-jsr310/2.14.1/jackson-datatype-jsr310-2.14.1.jar:/Users/rtarway/.m2/repository/io/netty/netty-handler/4.1.87.Final/netty-handler-4.1.87.Final.jar:/Users/rtarway/.m2/repository/io/netty/netty-resolver/4.1.87.Final/netty-resolver-4.1.87.Final.jar:/Users/rtarway/.m2/repository/io/netty/netty-transport/4.1.87.Final/netty-transport-4.1.87.Final.jar:/Users/rtarway/.m2/repository/io/netty/netty-codec/4.1.87.Final/netty-codec-4.1.87.Final.jar:/Users/rtarway/.m2/repository/io/netty/netty-tcnative-boringssl-static/2.0.52.Final/netty-tcnative-boringssl-static-2.0.52.Final.jar:/Users/rtarway/.m2/repository/io/netty/netty-tcnative-classes/2.0.52.Final/netty-tcnative-classes-2.0.52.Final.jar:/Users/rtarway/.m2/repository/io/netty/netty-tcnative-boringssl-static/2.0.52.Final/netty-tcnative-boringssl-static-2.0.52.Final-linux-x86_64.jar:/Users/rtarway/.m2/repository/io/netty/netty-tcnative-boringssl-static/2.0.52.Final/netty-tcnative-boringssl-static-2.0.52.Final-linux-aarch_64.jar:/Users/rtarway/.m2/repository/io/netty/netty-tcnative-boringssl-static/2.0.52.Final/netty-tcnative-boringssl-static-2.0.52.Final-osx-x86_64.jar:/Users/rtarway/.m2/repository/io/netty/netty-tcnative-boringssl-static/2.0.52.Final/netty-tcnative-boringssl-static-2.0.52.Final-osx-aarch_64.jar:/Users/rtarway/.m2/repository/io/netty/netty-tcnative-boringssl-static/2.0.52.Final/netty-tcnative-boringssl-static-2.0.52.Final-windows-x86_64.jar:/Users/rtarway/.m2/repository/com/google/api/grpc/proto-google-cloud-bigquerystorage-v1/3.0.0/proto-google-cloud-bigquerystorage-v1-3.0.0.jar:/Users/rtarway/.m2/repository/com/google/api/grpc/proto-google-cloud-bigtable-v2/2.31.0/proto-google-cloud-bigtable-v2-2.31.0.jar:/Users/rtarway/.m2/repository/com/google/api/grpc/proto-google-cloud-datastore-v1/0.109.0/proto-google-cloud-datastore-v1-0.109.0.jar:/Users/rtarway/.m2/repository/com/google/api/grpc/proto-google-cloud-firestore-v1/3.16.0/proto-google-cloud-firestore-v1-3.16.0.jar:/Users/rtarway/.m2/repository/com/google/api/grpc/proto-google-cloud-pubsub-v1/1.108.0/proto-google-cloud-pubsub-v1-1.108.0.jar:/Users/rtarway/.m2/repository/com/google/api/grpc/proto-google-cloud-pubsublite-v1/1.12.20/proto-google-cloud-pubsublite-v1-1.12.20.jar:/Users/rtarway/.m2/repository/com/google/api/grpc/proto-google-cloud-spanner-admin-database-v1/6.56.0/proto-google-cloud-spanner-admin-database-v1-6.56.0.jar:/Users/rtarway/.m2/repository/com/google/api/grpc/proto-google-cloud-spanner-v1/6.56.0/proto-google-cloud-spanner-v1-6.56.0.jar:/Users/rtarway/.m2/repository/com/google/api/grpc/proto-google-common-protos/2.30.0/proto-google-common-protos-2.30.0.jar:/Users/rtarway/.m2/repository/com/google/protobuf/protobuf-java-util/3.25.1/protobuf-java-util-3.25.1.jar:/Users/rtarway/.m2/repository/org/apache/arrow/arrow-memory-core/5.0.0/arrow-memory-core-5.0.0.jar:/Users/rtarway/.m2/repository/org/apache/arrow/arrow-vector/5.0.0/arrow-vector-5.0.0.jar:/Users/rtarway/.m2/repository/com/google/http-client/google-http-client-gson/1.43.3/google-http-client-gson-1.43.3.jar:/Users/rtarway/.m2/repository/org/threeten/threetenbp/1.4.4/threetenbp-1.4.4.jar:/Users/rtarway/.m2/repository/org/apache/beam/beam-sdks-java-extensions-python/2.54.0/beam-sdks-java-extensions-python-2.54.0.jar:/Users/rtarway/.m2/repository/org/apache/beam/beam-sdks-java-transform-service-launcher/2.54.0/beam-sdks-java-transform-service-launcher-2.54.0.jar:/Users/rtarway/.m2/repository/args4j/args4j/2.33/args4j-2.33.jar:/Users/rtarway/.m2/repository/org/apache/beam/beam-sdks-java-io-kafka/2.54.0/beam-sdks-java-io-kafka-2.54.0.jar:/Users/rtarway/.m2/repository/org/springframework/spring-expression/5.3.27/spring-expression-5.3.27.jar:/Users/rtarway/.m2/repository/org/springframework/spring-core/5.3.27/spring-core-5.3.27.jar:/Users/rtarway/.m2/repository/org/springframework/spring-jcl/5.3.27/spring-jcl-5.3.27.jar:/Users/rtarway/.m2/repository/io/confluent/kafka-avro-serializer/5.3.2/kafka-avro-serializer-5.3.2.jar:/Users/rtarway/.m2/repository/io/confluent/common-config/5.3.2/common-config-5.3.2.jar:/Users/rtarway/.m2/repository/io/confluent/common-utils/5.3.2/common-utils-5.3.2.jar:/Users/rtarway/.m2/repository/com/101tec/zkclient/0.10/zkclient-0.10.jar:/Users/rtarway/.m2/repository/io/confluent/kafka-schema-registry-client/5.3.2/kafka-schema-registry-client-5.3.2.jar:/Users/rtarway/.m2/repository/com/google/api-client/google-api-client/2.0.0/google-api-client-2.0.0.jar:/Users/rtarway/.m2/repository/com/google/http-client/google-http-client-apache-v2/1.43.3/google-http-client-apache-v2-1.43.3.jar:/Users/rtarway/.m2/repository/com/google/apis/google-api-services-bigquery/v2-rev20230812-2.0.0/google-api-services-bigquery-v2-rev20230812-2.0.0.jar:/Users/rtarway/.m2/repository/com/google/http-client/google-http-client/1.43.3/google-http-client-1.43.3.jar:/Users/rtarway/.m2/repository/com/google/j2objc/j2objc-annotations/2.8/j2objc-annotations-2.8.jar:/Users/rtarway/.m2/repository/io/opencensus/opencensus-api/0.31.1/opencensus-api-0.31.1.jar:/Users/rtarway/.m2/repository/io/opencensus/opencensus-contrib-http-util/0.31.1/opencensus-contrib-http-util-0.31.1.jar:/Users/rtarway/.m2/repository/com/google/apis/google-api-services-pubsub/v1-rev20220904-2.0.0/google-api-services-pubsub-v1-rev20220904-2.0.0.jar:/Users/rtarway/.m2/repository/joda-time/joda-time/2.10.10/joda-time-2.10.10.jar:/Users/rtarway/.m2/repository/org/slf4j/slf4j-api/1.7.30/slf4j-api-1.7.30.jar:/Users/rtarway/.m2/repository/org/slf4j/slf4j-jdk14/1.7.30/slf4j-jdk14-1.7.30.jar:/Users/rtarway/.m2/repository/org/hamcrest/hamcrest-core/2.1/hamcrest-core-2.1.jar:/Users/rtarway/.m2/repository/org/hamcrest/hamcrest/2.1/hamcrest-2.1.jar:/Users/rtarway/.m2/repository/org/hamcrest/hamcrest-library/2.1/hamcrest-library-2.1.jar:/Users/rtarway/.m2/repository/junit/junit/4.13.1/junit-4.13.1.jar:/Users/rtarway/.m2/repository/org/apache/beam/beam-runners-direct-java/2.54.0/beam-runners-direct-java-2.54.0.jar:/Users/rtarway/.m2/repository/org/mockito/mockito-core/3.7.7/mockito-core-3.7.7.jar:/Users/rtarway/.m2/repository/net/bytebuddy/byte-buddy-agent/1.10.19/byte-buddy-agent-1.10.19.jar:/Users/rtarway/.m2/repository/org/objenesis/objenesis/3.1/objenesis-3.1.jar:/Users/rtarway/.m2/repository/com/google/cloud/google-cloud-bigquery/2.36.0/google-cloud-bigquery-2.36.0.jar:/Users/rtarway/.m2/repository/com/google/api/grpc/proto-google-iam-v1/1.25.0/proto-google-iam-v1-1.25.0.jar:/Users/rtarway/.m2/repository/com/google/cloud/google-cloud-core-http/2.29.0/google-cloud-core-http-2.29.0.jar:/Users/rtarway/.m2/repository/com/google/http-client/google-http-client-appengine/1.43.3/google-http-client-appengine-1.43.3.jar:/Users/rtarway/.m2/repository/org/checkerframework/checker-compat-qual/2.5.6/checker-compat-qual-2.5.6.jar:/Users/rtarway/.m2/repository/javax/annotation/javax.annotation-api/1.3.2/javax.annotation-api-1.3.2.jar:/Users/rtarway/.m2/repository/com/google/guava/failureaccess/1.0.1/failureaccess-1.0.1.jar:/Users/rtarway/.m2/repository/com/google/guava/listenablefuture/9999.0-empty-to-avoid-conflict-with-guava/listenablefuture-9999.0-empty-to-avoid-conflict-with-guava.jar:/Users/rtarway/.m2/repository/org/threeten/threeten-extra/1.7.2/threeten-extra-1.7.2.jar:/Users/rtarway/.m2/repository/io/grpc/grpc-protobuf-lite/1.60.0/grpc-protobuf-lite-1.60.0.jar:/Users/rtarway/.m2/repository/io/grpc/grpc-util/1.60.0/grpc-util-1.60.0.jar:/Users/rtarway/.m2/repository/com/google/android/annotations/4.1.1.4/annotations-4.1.1.4.jar:/Users/rtarway/.m2/repository/io/perfmark/perfmark-api/0.26.0/perfmark-api-0.26.0.jar:/Users/rtarway/.m2/repository/org/codehaus/mojo/animal-sniffer-annotations/1.23/animal-sniffer-annotations-1.23.jar:/Users/rtarway/.m2/repository/com/google/auto/value/auto-value/1.10.4/auto-value-1.10.4.jar:/Users/rtarway/.m2/repository/com/google/api/grpc/proto-google-cloud-bigquerystorage-v1beta1/0.172.0/proto-google-cloud-bigquerystorage-v1beta1-0.172.0.jar:/Users/rtarway/.m2/repository/com/google/api/grpc/proto-google-cloud-bigquerystorage-v1beta2/0.172.0/proto-google-cloud-bigquerystorage-v1beta2-0.172.0.jar:/Users/rtarway/.m2/repository/io/grpc/grpc-inprocess/1.60.0/grpc-inprocess-1.60.0.jar:/Users/rtarway/.m2/repository/org/conscrypt/conscrypt-openjdk-uber/2.5.2/conscrypt-openjdk-uber-2.5.2.jar:/Users/rtarway/.m2/repository/io/grpc/grpc-googleapis/1.60.0/grpc-googleapis-1.60.0.jar:/Users/rtarway/.m2/repository/org/json/json/20231013/json-20231013.jar:/Users/rtarway/.m2/repository/commons-logging/commons-logging/1.2/commons-logging-1.2.jar:/Users/rtarway/.m2/repository/commons-codec/commons-codec/1.16.0/commons-codec-1.16.0.jar:/Users/rtarway/.m2/repository/com/google/api/grpc/grpc-google-cloud-bigquerystorage-v1beta1/0.172.0/grpc-google-cloud-bigquerystorage-v1beta1-0.172.0.jar:/Users/rtarway/.m2/repository/com/google/api/grpc/grpc-google-cloud-bigquerystorage-v1beta2/0.172.0/grpc-google-cloud-bigquerystorage-v1beta2-0.172.0.jar:/Users/rtarway/.m2/repository/com/google/api/grpc/grpc-google-cloud-bigquerystorage-v1/3.0.0/grpc-google-cloud-bigquerystorage-v1-3.0.0.jar:/Users/rtarway/.m2/repository/org/apache/arrow/arrow-format/14.0.2/arrow-format-14.0.2.jar:/Users/rtarway/.m2/repository/io/netty/netty-common/4.1.96.Final/netty-common-4.1.96.Final.jar:/Users/rtarway/.m2/repository/com/google/flatbuffers/flatbuffers-java/1.12.0/flatbuffers-java-1.12.0.jar:/Users/rtarway/.m2/repository/org/apache/arrow/arrow-memory-netty/14.0.2/arrow-memory-netty-14.0.2.jar:/Users/rtarway/.m2/repository/io/netty/netty-buffer/4.1.96.Final/netty-buffer-4.1.96.Final.jar:/Users/rtarway/.m2/repository/org/apache/beam/beam-runners-google-cloud-dataflow-java/2.54.0/beam-runners-google-cloud-dataflow-java-2.54.0.jar:/Users/rtarway/.m2/repository/com/google/apis/google-api-services-dataflow/v1b3-rev20240113-2.0.0/google-api-services-dataflow-v1b3-rev20240113-2.0.0.jar:/Users/rtarway/.m2/repository/com/google/cloud/bigtable/bigtable-hbase-beam/1.17.0/bigtable-hbase-beam-1.17.0.jar:/Users/rtarway/.m2/repository/org/apache/beam/beam-sdks-java-io-hbase/2.19.0/beam-sdks-java-io-hbase-2.19.0.jar:/Users/rtarway/.m2/repository/org/apache/beam/beam-vendor-guava-26_0-jre/0.1/beam-vendor-guava-26_0-jre-0.1.jar:/Users/rtarway/.m2/repository/org/apache/beam/beam-sdks-java-io-hadoop-common/2.19.0/beam-sdks-java-io-hadoop-common-2.19.0.jar:/Users/rtarway/.m2/repository/com/google/cloud/bigtable/bigtable-hbase-1.x-shaded/1.17.0/bigtable-hbase-1.x-shaded-1.17.0.jar:/Users/rtarway/.m2/repository/io/dropwizard/metrics/metrics-core/3.2.6/metrics-core-3.2.6.jar:/Users/rtarway/.m2/repository/org/apache/hbase/hbase-shaded-client/1.4.12/hbase-shaded-client-1.4.12.jar:/Users/rtarway/.m2/repository/org/apache/htrace/htrace-core/3.1.0-incubating/htrace-core-3.1.0-incubating.jar:/Users/rtarway/.m2/repository/log4j/log4j/1.2.17/log4j-1.2.17.jar:/Users/rtarway/.m2/repository/org/slf4j/slf4j-log4j12/1.7.25/slf4j-log4j12-1.7.25.jar:/Users/rtarway/.m2/repository/com/github/stephenc/findbugs/findbugs-annotations/1.3.9-1/findbugs-annotations-1.3.9-1.jar:/Users/rtarway/.m2/repository/org/apache/commons/commons-compress/1.20/commons-compress-1.20.jar:/Users/rtarway/.m2/repository/org/apache/beam/beam-runners-portability-java/2.54.0/beam-runners-portability-java-2.54.0.jar:/Users/rtarway/.m2/repository/org/apache/beam/beam-runners-java-fn-execution/2.54.0/beam-runners-java-fn-execution-2.54.0.jar:/Users/rtarway/.m2/repository/org/apache/beam/beam-runners-java-job-service/2.54.0/beam-runners-java-job-service-2.54.0.jar:"/>
    <property name="sun.cpu.endian" value="little"/>
    <property name="user.home" value="/Users/rtarway"/>
    <property name="user.language" value="en"/>
    <property name="java.specification.vendor" value="Oracle Corporation"/>
    <property name="java.version.date" value="2024-01-16"/>
    <property name="java.home" value="/Users/rtarway/Library/Java/JavaVirtualMachines/graalvm-ce-21.0.2/Contents/Home"/>
    <property name="file.separator" value="/"/>
    <property name="basedir" value="/Users/rtarway/mygithubprojects/IOTStreamingDataParser"/>
    <property name="java.vm.compressedOopsMode" value="Zero based"/>
    <property name="jdk.internal.vm.ci.enabled" value="true"/>
    <property name="line.separator" value="&#10;"/>
    <property name="java.vm.specification.vendor" value="Oracle Corporation"/>
    <property name="java.specification.name" value="Java Platform API Specification"/>
    <property name="apple.awt.application.name" value="ForkedBooter"/>
    <property name="surefire.real.class.path" value="/Users/rtarway/mygithubprojects/IOTStreamingDataParser/target/surefire/surefirebooter1711577132363688231.jar"/>
    <property name="sun.management.compiler" value="HotSpot 64-Bit Tiered Compilers"/>
    <property name="ftp.nonProxyHosts" value="local|*.local|169.254/16|*.169.254/16"/>
    <property name="java.runtime.version" value="21.0.2+13-jvmci-23.1-b30"/>
    <property name="user.name" value="rtarway"/>
    <property name="stdout.encoding" value="UTF-8"/>
    <property name="path.separator" value=":"/>
    <property name="os.version" value="14.4"/>
    <property name="java.runtime.name" value="OpenJDK Runtime Environment"/>
    <property name="file.encoding" value="UTF-8"/>
    <property name="java.vm.name" value="OpenJDK 64-Bit Server VM"/>
    <property name="java.vendor.version" value="GraalVM CE 21.0.2+13.1"/>
    <property name="localRepository" value="/Users/rtarway/.m2/repository"/>
    <property name="java.vendor.url.bug" value="https://github.com/oracle/graal/issues"/>
    <property name="java.io.tmpdir" value="/var/folders/4m/1v2hngd16z18glm71lvdmqm00000gn/T/"/>
    <property name="java.version" value="21.0.2"/>
    <property name="user.dir" value="/Users/rtarway/mygithubprojects/IOTStreamingDataParser"/>
    <property name="os.arch" value="x86_64"/>
    <property name="java.vm.specification.name" value="Java Virtual Machine Specification"/>
    <property name="native.encoding" value="UTF-8"/>
    <property name="java.library.path" value="/Users/rtarway/Library/Java/Extensions:/Library/Java/Extensions:/Network/Library/Java/Extensions:/System/Library/Java/Extensions:/usr/lib/java:."/>
    <property name="java.vm.info" value="mixed mode, sharing"/>
    <property name="stderr.encoding" value="UTF-8"/>
    <property name="java.vendor" value="GraalVM Community"/>
    <property name="java.vm.version" value="21.0.2+13-jvmci-23.1-b30"/>
    <property name="sun.io.unicode.encoding" value="UnicodeBig"/>
    <property name="socksNonProxyHosts" value="local|*.local|169.254/16|*.169.254/16"/>
    <property name="java.class.version" value="65.0"/>
    <property name="argLine" value="--add-opens java.base/java.lang=ALL-UNNAMED"/>
  </properties>
  <testcase name="testPipeline" classname="com.beamlytics.examples.IOTPipelineTest" time="8.645">
    <system-err><![CDATA[SLF4J: Class path contains multiple SLF4J bindings.
SLF4J: Found binding in [jar:file:/Users/rtarway/.m2/repository/org/slf4j/slf4j-jdk14/1.7.30/slf4j-jdk14-1.7.30.jar!/org/slf4j/impl/StaticLoggerBinder.class]
SLF4J: Found binding in [jar:file:/Users/rtarway/.m2/repository/org/slf4j/slf4j-log4j12/1.7.25/slf4j-log4j12-1.7.25.jar!/org/slf4j/impl/StaticLoggerBinder.class]
SLF4J: See http://www.slf4j.org/codes.html#multiple_bindings for an explanation.
SLF4J: Actual binding is of type [org.slf4j.impl.JDK14LoggerFactory]
Mar 17, 2024 1:34:39 PM org.apache.beam.sdk.coders.SerializableCoder checkEqualsMethodDefined
WARNING: Can't verify serialized elements of type Shard have well defined equals method. This may produce incorrect results on some PipelineRunner implementations
org.apache.beam.sdk.Pipeline$PipelineExecutionException: java.lang.Error: Unresolved compilation problem: 
	AutoValue_IOTDataSchema cannot be resolved to a type

	at org.apache.beam.runners.direct.DirectRunner$DirectPipelineResult.waitUntilFinish(DirectRunner.java:377)
	at org.apache.beam.runners.direct.DirectRunner$DirectPipelineResult.waitUntilFinish(DirectRunner.java:345)
	at org.apache.beam.runners.direct.DirectRunner.run(DirectRunner.java:218)
	at org.apache.beam.runners.direct.DirectRunner.run(DirectRunner.java:67)
	at org.apache.beam.sdk.Pipeline.run(Pipeline.java:324)
	at org.apache.beam.sdk.testing.TestPipeline.run(TestPipeline.java:398)
	at org.apache.beam.sdk.testing.TestPipeline.run(TestPipeline.java:335)
	at com.beamlytics.examples.pipelines.IOTDataPipeline.startPipeline(IOTDataPipeline.java:89)
	at com.beamlytics.examples.IOTPipelineTest.testPipeline(IOTPipelineTest.java:42)
	at java.base/jdk.internal.reflect.DirectMethodHandleAccessor.invoke(DirectMethodHandleAccessor.java:103)
	at java.base/java.lang.reflect.Method.invoke(Method.java:580)
	at org.junit.runners.model.FrameworkMethod$1.runReflectiveCall(FrameworkMethod.java:59)
	at org.junit.internal.runners.model.ReflectiveCallable.run(ReflectiveCallable.java:12)
	at org.junit.runners.model.FrameworkMethod.invokeExplosively(FrameworkMethod.java:56)
	at org.junit.internal.runners.statements.InvokeMethod.evaluate(InvokeMethod.java:17)
	at org.apache.beam.sdk.testing.TestPipeline$1.evaluate(TestPipeline.java:323)
	at org.junit.runners.ParentRunner$3.evaluate(ParentRunner.java:306)
	at org.junit.runners.BlockJUnit4ClassRunner$1.evaluate(BlockJUnit4ClassRunner.java:100)
	at org.junit.runners.ParentRunner.runLeaf(ParentRunner.java:366)
	at org.junit.runners.BlockJUnit4ClassRunner.runChild(BlockJUnit4ClassRunner.java:103)
	at org.junit.runners.BlockJUnit4ClassRunner.runChild(BlockJUnit4ClassRunner.java:63)
	at org.junit.runners.ParentRunner$4.run(ParentRunner.java:331)
	at org.apache.maven.surefire.junitcore.pc.Scheduler$1.run(Scheduler.java:405)
	at java.base/java.util.concurrent.Executors$RunnableAdapter.call(Executors.java:572)
	at java.base/java.util.concurrent.FutureTask.run(FutureTask.java:317)
	at java.base/java.util.concurrent.ThreadPoolExecutor.runWorker(ThreadPoolExecutor.java:1144)
	at java.base/java.util.concurrent.ThreadPoolExecutor$Worker.run(ThreadPoolExecutor.java:642)
	at java.base/java.lang.Thread.run(Thread.java:1583)
Caused by: java.lang.Error: Unresolved compilation problem: 
	AutoValue_IOTDataSchema cannot be resolved to a type

	at com.beamlytics.examples.schema.IOTDataSchema.builder(IOTDataSchema.java:46)
	at com.beamlytics.examples.TestStreamGenerator$CreateEventSchemaStream.process(TestStreamGenerator.java:82)
]]></system-err>
  </testcase>
</testsuite>